[0.069s] Invoking command in '/home/jlipner/dev_ws/build/my_bot': CMAKE_PREFIX_PATH=/opt/ros/humble /usr/bin/cmake /home/jlipner/dev_ws/src/my_bot -DCMAKE_INSTALL_PREFIX=/home/jlipner/dev_ws/install/my_bot
[0.091s] -- Found ament_cmake: 1.3.7 (/opt/ros/humble/share/ament_cmake/cmake)
[0.279s] -- Found Python3: /usr/bin/python3.10 (found version "3.10.12") found components: Interpreter 
[0.395s] -- Found ament_lint_auto: 0.12.10 (/opt/ros/humble/share/ament_lint_auto/cmake)
[0.492s] -- Added test 'copyright' to check source files copyright and LICENSE
[0.501s] -- Added test 'flake8' to check Python code syntax and style conventions
[0.503s] -- Added test 'lint_cmake' to check CMake code style
[0.504s] -- Added test 'pep257' to check Python code against some of the docstring style conventions in PEP 257
[0.509s] -- Added test 'xmllint' to check XML markup files
[0.511s] -- Configuring done
[0.515s] -- Generating done
[0.516s] -- Build files have been written to: /home/jlipner/dev_ws/build/my_bot
[0.520s] Invoked command in '/home/jlipner/dev_ws/build/my_bot' returned '0': CMAKE_PREFIX_PATH=/opt/ros/humble /usr/bin/cmake /home/jlipner/dev_ws/src/my_bot -DCMAKE_INSTALL_PREFIX=/home/jlipner/dev_ws/install/my_bot
[0.523s] Invoking command in '/home/jlipner/dev_ws/build/my_bot': CMAKE_PREFIX_PATH=/opt/ros/humble /usr/bin/cmake --build /home/jlipner/dev_ws/build/my_bot -- -j8 -l8
[0.571s] Invoked command in '/home/jlipner/dev_ws/build/my_bot' returned '0': CMAKE_PREFIX_PATH=/opt/ros/humble /usr/bin/cmake --build /home/jlipner/dev_ws/build/my_bot -- -j8 -l8
[0.604s] Invoking command in '/home/jlipner/dev_ws/build/my_bot': CMAKE_PREFIX_PATH=/opt/ros/humble /usr/bin/cmake --install /home/jlipner/dev_ws/build/my_bot
[0.613s] -- Install configuration: ""
[0.613s] -- Installing: /home/jlipner/dev_ws/install/my_bot/share/my_bot/config
[0.613s] -- Installing: /home/jlipner/dev_ws/install/my_bot/share/my_bot/config/empty.yaml
[0.613s] -- Installing: /home/jlipner/dev_ws/install/my_bot/share/my_bot/description
[0.614s] -- Installing: /home/jlipner/dev_ws/install/my_bot/share/my_bot/description/robot.urdf.xacro
[0.614s] -- Installing: /home/jlipner/dev_ws/install/my_bot/share/my_bot/launch
[0.614s] -- Installing: /home/jlipner/dev_ws/install/my_bot/share/my_bot/launch/rsp.launch.py
[0.614s] -- Installing: /home/jlipner/dev_ws/install/my_bot/share/my_bot/worlds
[0.614s] -- Installing: /home/jlipner/dev_ws/install/my_bot/share/my_bot/worlds/empty.world
[0.614s] -- Installing: /home/jlipner/dev_ws/install/my_bot/share/ament_index/resource_index/package_run_dependencies/my_bot
[0.615s] -- Installing: /home/jlipner/dev_ws/install/my_bot/share/ament_index/resource_index/parent_prefix_path/my_bot
[0.615s] -- Installing: /home/jlipner/dev_ws/install/my_bot/share/my_bot/environment/ament_prefix_path.sh
[0.615s] -- Installing: /home/jlipner/dev_ws/install/my_bot/share/my_bot/environment/ament_prefix_path.dsv
[0.615s] -- Installing: /home/jlipner/dev_ws/install/my_bot/share/my_bot/environment/path.sh
[0.615s] -- Installing: /home/jlipner/dev_ws/install/my_bot/share/my_bot/environment/path.dsv
[0.615s] -- Installing: /home/jlipner/dev_ws/install/my_bot/share/my_bot/local_setup.bash
[0.616s] -- Installing: /home/jlipner/dev_ws/install/my_bot/share/my_bot/local_setup.sh
[0.616s] -- Installing: /home/jlipner/dev_ws/install/my_bot/share/my_bot/local_setup.zsh
[0.616s] -- Installing: /home/jlipner/dev_ws/install/my_bot/share/my_bot/local_setup.dsv
[0.616s] -- Installing: /home/jlipner/dev_ws/install/my_bot/share/my_bot/package.dsv
[0.617s] -- Installing: /home/jlipner/dev_ws/install/my_bot/share/ament_index/resource_index/packages/my_bot
[0.617s] -- Installing: /home/jlipner/dev_ws/install/my_bot/share/my_bot/cmake/my_botConfig.cmake
[0.617s] -- Installing: /home/jlipner/dev_ws/install/my_bot/share/my_bot/cmake/my_botConfig-version.cmake
[0.617s] -- Installing: /home/jlipner/dev_ws/install/my_bot/share/my_bot/package.xml
[0.620s] Invoked command in '/home/jlipner/dev_ws/build/my_bot' returned '0': CMAKE_PREFIX_PATH=/opt/ros/humble /usr/bin/cmake --install /home/jlipner/dev_ws/build/my_bot
