[0.179s] Invoking command in '/home/jlipner/dev_ws/build/my_bot': CMAKE_PREFIX_PATH=${CMAKE_PREFIX_PATH}:/opt/ros/humble /usr/bin/cmake --build /home/jlipner/dev_ws/build/my_bot -- -j8 -l8
[0.265s] Invoked command in '/home/jlipner/dev_ws/build/my_bot' returned '0': CMAKE_PREFIX_PATH=${CMAKE_PREFIX_PATH}:/opt/ros/humble /usr/bin/cmake --build /home/jlipner/dev_ws/build/my_bot -- -j8 -l8
[0.353s] Invoking command in '/home/jlipner/dev_ws/build/my_bot': CMAKE_PREFIX_PATH=${CMAKE_PREFIX_PATH}:/opt/ros/humble /usr/bin/cmake --install /home/jlipner/dev_ws/build/my_bot
[0.367s] -- Install configuration: ""
[0.369s] -- Execute custom install script
[0.369s] -- Up-to-date symlink: /home/jlipner/dev_ws/install/my_bot/share/my_bot/config/empty.yaml
[0.372s] -- Up-to-date symlink: /home/jlipner/dev_ws/install/my_bot/share/my_bot/description/robot.core.xacro
[0.372s] -- Up-to-date symlink: /home/jlipner/dev_ws/install/my_bot/share/my_bot/description/robot.urdf.xacro
[0.372s] -- Up-to-date symlink: /home/jlipner/dev_ws/install/my_bot/share/my_bot/launch/rsp.launch.py
[0.372s] -- Up-to-date symlink: /home/jlipner/dev_ws/install/my_bot/share/my_bot/worlds/empty.world
[0.373s] -- Up-to-date symlink: /home/jlipner/dev_ws/install/my_bot/share/ament_index/resource_index/package_run_dependencies/my_bot
[0.373s] -- Up-to-date symlink: /home/jlipner/dev_ws/install/my_bot/share/ament_index/resource_index/parent_prefix_path/my_bot
[0.373s] -- Up-to-date symlink: /home/jlipner/dev_ws/install/my_bot/share/my_bot/environment/ament_prefix_path.sh
[0.373s] -- Up-to-date symlink: /home/jlipner/dev_ws/install/my_bot/share/my_bot/environment/ament_prefix_path.dsv
[0.373s] -- Up-to-date symlink: /home/jlipner/dev_ws/install/my_bot/share/my_bot/environment/path.sh
[0.373s] -- Up-to-date symlink: /home/jlipner/dev_ws/install/my_bot/share/my_bot/environment/path.dsv
[0.374s] -- Up-to-date symlink: /home/jlipner/dev_ws/install/my_bot/share/my_bot/local_setup.bash
[0.375s] -- Up-to-date symlink: /home/jlipner/dev_ws/install/my_bot/share/my_bot/local_setup.sh
[0.375s] -- Up-to-date symlink: /home/jlipner/dev_ws/install/my_bot/share/my_bot/local_setup.zsh
[0.376s] -- Up-to-date symlink: /home/jlipner/dev_ws/install/my_bot/share/my_bot/local_setup.dsv
[0.376s] -- Symlinking: /home/jlipner/dev_ws/install/my_bot/share/my_bot/package.dsv
[0.396s] -- Up-to-date symlink: /home/jlipner/dev_ws/install/my_bot/share/ament_index/resource_index/packages/my_bot
[0.397s] -- Up-to-date symlink: /home/jlipner/dev_ws/install/my_bot/share/my_bot/cmake/my_botConfig.cmake
[0.397s] -- Up-to-date symlink: /home/jlipner/dev_ws/install/my_bot/share/my_bot/cmake/my_botConfig-version.cmake
[0.397s] -- Up-to-date symlink: /home/jlipner/dev_ws/install/my_bot/share/my_bot/package.xml
[0.402s] Invoked command in '/home/jlipner/dev_ws/build/my_bot' returned '0': CMAKE_PREFIX_PATH=${CMAKE_PREFIX_PATH}:/opt/ros/humble /usr/bin/cmake --install /home/jlipner/dev_ws/build/my_bot
