[0.031s] Invoking command in '/home/jlipner/dev_ws/build/my_bot': /usr/bin/cmake /home/jlipner/dev_ws/src/my_bot -DCMAKE_INSTALL_PREFIX=/home/jlipner/dev_ws/install/my_bot
[0.216s] -- The C compiler identification is GNU 11.4.0
[0.333s] -- The CXX compiler identification is GNU 11.4.0
[0.347s] -- Detecting C compiler ABI info
[0.428s] -- Detecting C compiler ABI info - done
[0.438s] -- Check for working C compiler: /usr/bin/cc - skipped
[0.439s] -- Detecting C compile features
[0.440s] -- Detecting C compile features - done
[0.444s] -- Detecting CXX compiler ABI info
[0.536s] -- Detecting CXX compiler ABI info - done
[0.546s] -- Check for working CXX compiler: /usr/bin/c++ - skipped
[0.547s] -- Detecting CXX compile features
[0.547s] -- Detecting CXX compile features - done
[0.558s] [31mCMake Error at CMakeLists.txt:19 (find_package):
[0.559s]   By not providing "Findament_cmake.cmake" in CMAKE_MODULE_PATH this project
[0.559s]   has asked CMake to find a package configuration file provided by
[0.559s]   "ament_cmake", but CMake did not find one.
[0.559s] 
[0.559s]   Could not find a package configuration file provided by "ament_cmake" with
[0.559s]   any of the following names:
[0.559s] 
[0.560s]     ament_cmakeConfig.cmake
[0.560s]     ament_cmake-config.cmake
[0.560s] 
[0.560s]   Add the installation prefix of "ament_cmake" to CMAKE_PREFIX_PATH or set
[0.560s]   "ament_cmake_DIR" to a directory containing one of the above files.  If
[0.560s]   "ament_cmake" provides a separate development package or SDK, be sure it
[0.560s]   has been installed.
[0.560s] 
[0.560s] [0m
[0.560s] -- Configuring incomplete, errors occurred!
[0.560s] See also "/home/jlipner/dev_ws/build/my_bot/CMakeFiles/CMakeOutput.log".
[0.566s] Invoked command in '/home/jlipner/dev_ws/build/my_bot' returned '1': /usr/bin/cmake /home/jlipner/dev_ws/src/my_bot -DCMAKE_INSTALL_PREFIX=/home/jlipner/dev_ws/install/my_bot
