[0.104s] Invoking command in '/home/jlipner/dev_ws/build/my_bot': CMAKE_PREFIX_PATH=/opt/ros/humble /usr/bin/cmake --build /home/jlipner/dev_ws/build/my_bot -- -j8 -l8
[0.182s] Invoked command in '/home/jlipner/dev_ws/build/my_bot' returned '0': CMAKE_PREFIX_PATH=/opt/ros/humble /usr/bin/cmake --build /home/jlipner/dev_ws/build/my_bot -- -j8 -l8
[0.230s] Invoking command in '/home/jlipner/dev_ws/build/my_bot': CMAKE_PREFIX_PATH=/opt/ros/humble /usr/bin/cmake --install /home/jlipner/dev_ws/build/my_bot
[0.245s] -- Install configuration: ""
[0.245s] -- Execute custom install script
[0.246s] -- Up-to-date symlink: /home/jlipner/dev_ws/install/my_bot/share/my_bot/config/drive_bot.rviz
[0.246s] -- Up-to-date symlink: /home/jlipner/dev_ws/install/my_bot/share/my_bot/config/empty.yaml
[0.246s] -- Up-to-date symlink: /home/jlipner/dev_ws/install/my_bot/share/my_bot/config/terminal_command.txt
[0.246s] -- Up-to-date symlink: /home/jlipner/dev_ws/install/my_bot/share/my_bot/config/view_bot.rviz
[0.247s] -- Up-to-date symlink: /home/jlipner/dev_ws/install/my_bot/share/my_bot/description/inertial_macros.xacro
[0.247s] -- Up-to-date symlink: /home/jlipner/dev_ws/install/my_bot/share/my_bot/description/robot.urdf.xacro
[0.247s] -- Up-to-date symlink: /home/jlipner/dev_ws/install/my_bot/share/my_bot/description/robot_core.xacro
[0.248s] -- Up-to-date symlink: /home/jlipner/dev_ws/install/my_bot/share/my_bot/launch/launch_sim.launch.py
[0.248s] -- Up-to-date symlink: /home/jlipner/dev_ws/install/my_bot/share/my_bot/launch/rsp.launch.py
[0.248s] -- Up-to-date symlink: /home/jlipner/dev_ws/install/my_bot/share/my_bot/worlds/empty.world
[0.248s] -- Up-to-date symlink: /home/jlipner/dev_ws/install/my_bot/share/ament_index/resource_index/package_run_dependencies/my_bot
[0.249s] -- Up-to-date symlink: /home/jlipner/dev_ws/install/my_bot/share/ament_index/resource_index/parent_prefix_path/my_bot
[0.249s] -- Up-to-date symlink: /home/jlipner/dev_ws/install/my_bot/share/my_bot/environment/ament_prefix_path.sh
[0.249s] -- Up-to-date symlink: /home/jlipner/dev_ws/install/my_bot/share/my_bot/environment/ament_prefix_path.dsv
[0.249s] -- Up-to-date symlink: /home/jlipner/dev_ws/install/my_bot/share/my_bot/environment/path.sh
[0.250s] -- Up-to-date symlink: /home/jlipner/dev_ws/install/my_bot/share/my_bot/environment/path.dsv
[0.250s] -- Up-to-date symlink: /home/jlipner/dev_ws/install/my_bot/share/my_bot/local_setup.bash
[0.250s] -- Up-to-date symlink: /home/jlipner/dev_ws/install/my_bot/share/my_bot/local_setup.sh
[0.251s] -- Up-to-date symlink: /home/jlipner/dev_ws/install/my_bot/share/my_bot/local_setup.zsh
[0.251s] -- Up-to-date symlink: /home/jlipner/dev_ws/install/my_bot/share/my_bot/local_setup.dsv
[0.251s] -- Symlinking: /home/jlipner/dev_ws/install/my_bot/share/my_bot/package.dsv
[0.267s] -- Up-to-date symlink: /home/jlipner/dev_ws/install/my_bot/share/ament_index/resource_index/packages/my_bot
[0.267s] -- Up-to-date symlink: /home/jlipner/dev_ws/install/my_bot/share/my_bot/cmake/my_botConfig.cmake
[0.268s] -- Up-to-date symlink: /home/jlipner/dev_ws/install/my_bot/share/my_bot/cmake/my_botConfig-version.cmake
[0.268s] -- Up-to-date symlink: /home/jlipner/dev_ws/install/my_bot/share/my_bot/package.xml
[0.271s] Invoked command in '/home/jlipner/dev_ws/build/my_bot' returned '0': CMAKE_PREFIX_PATH=/opt/ros/humble /usr/bin/cmake --install /home/jlipner/dev_ws/build/my_bot
