[2.559s] DEBUG:colcon:Command line arguments: ['/usr/bin/colcon', 'build']
[2.559s] DEBUG:colcon:Parsed command line arguments: Namespace(log_base=None, log_level=None, verb_name='build', build_base='build', install_base='install', merge_install=False, symlink_install=False, test_result_base=None, continue_on_error=False, executor='parallel', parallel_workers=8, event_handlers=None, ignore_user_meta=False, metas=['./colcon.meta'], base_paths=['.'], packages_ignore=None, packages_ignore_regex=None, paths=None, packages_up_to=None, packages_up_to_regex=None, packages_above=None, packages_above_and_dependencies=None, packages_above_depth=None, packages_select_by_dep=None, packages_skip_by_dep=None, packages_skip_up_to=None, packages_select_build_failed=False, packages_skip_build_finished=False, packages_select_test_failures=False, packages_skip_test_passed=False, packages_select=None, packages_skip=None, packages_select_regex=None, packages_skip_regex=None, packages_start=None, packages_end=None, allow_overriding=[], cmake_args=None, cmake_target=None, cmake_target_skip_unavailable=False, cmake_clean_cache=False, cmake_clean_first=False, cmake_force_configure=False, ament_cmake_args=None, catkin_cmake_args=None, catkin_skip_building_tests=False, verb_parser=<colcon_defaults.argument_parser.defaults.DefaultArgumentsDecorator object at 0x7f9b2de5d7b0>, verb_extension=<colcon_core.verb.build.BuildVerb object at 0x7f9b2de5d030>, main=<bound method BuildVerb.main of <colcon_core.verb.build.BuildVerb object at 0x7f9b2de5d030>>)
[2.682s] Level 1:colcon.colcon_core.package_discovery:discover_packages(colcon_meta) check parameters
[2.683s] Level 1:colcon.colcon_core.package_discovery:discover_packages(recursive) check parameters
[2.683s] Level 1:colcon.colcon_core.package_discovery:discover_packages(ignore) check parameters
[2.683s] Level 1:colcon.colcon_core.package_discovery:discover_packages(path) check parameters
[2.683s] Level 1:colcon.colcon_core.package_discovery:discover_packages(colcon_meta) discover
[2.684s] Level 1:colcon.colcon_core.package_discovery:discover_packages(recursive) discover
[2.684s] INFO:colcon.colcon_core.package_discovery:Crawling recursively for packages in '/home/jlipner/dev_ws'
[2.684s] Level 1:colcon.colcon_core.package_identification:_identify(.) by extensions ['ignore', 'ignore_ament_install']
[2.684s] Level 1:colcon.colcon_core.package_identification:_identify(.) by extension 'ignore'
[2.684s] Level 1:colcon.colcon_core.package_identification:_identify(.) by extension 'ignore_ament_install'
[2.685s] Level 1:colcon.colcon_core.package_identification:_identify(.) by extensions ['colcon_pkg']
[2.685s] Level 1:colcon.colcon_core.package_identification:_identify(.) by extension 'colcon_pkg'
[2.685s] Level 1:colcon.colcon_core.package_identification:_identify(.) by extensions ['colcon_meta']
[2.685s] Level 1:colcon.colcon_core.package_identification:_identify(.) by extension 'colcon_meta'
[2.685s] Level 1:colcon.colcon_core.package_identification:_identify(.) by extensions ['ros']
[2.685s] Level 1:colcon.colcon_core.package_identification:_identify(.) by extension 'ros'
[2.711s] Level 1:colcon.colcon_core.package_identification:_identify(.) by extensions ['cmake', 'python']
[2.712s] Level 1:colcon.colcon_core.package_identification:_identify(.) by extension 'cmake'
[2.712s] Level 1:colcon.colcon_core.package_identification:_identify(.) by extension 'python'
[2.712s] Level 1:colcon.colcon_core.package_identification:_identify(.) by extensions ['python_setup_py']
[2.712s] Level 1:colcon.colcon_core.package_identification:_identify(.) by extension 'python_setup_py'
[2.712s] Level 1:colcon.colcon_core.package_identification:_identify(build) by extensions ['ignore', 'ignore_ament_install']
[2.712s] Level 1:colcon.colcon_core.package_identification:_identify(build) by extension 'ignore'
[2.713s] Level 1:colcon.colcon_core.package_identification:_identify(build) ignored
[2.713s] Level 1:colcon.colcon_core.package_identification:_identify(install) by extensions ['ignore', 'ignore_ament_install']
[2.713s] Level 1:colcon.colcon_core.package_identification:_identify(install) by extension 'ignore'
[2.713s] Level 1:colcon.colcon_core.package_identification:_identify(install) ignored
[2.714s] Level 1:colcon.colcon_core.package_identification:_identify(log) by extensions ['ignore', 'ignore_ament_install']
[2.714s] Level 1:colcon.colcon_core.package_identification:_identify(log) by extension 'ignore'
[2.714s] Level 1:colcon.colcon_core.package_identification:_identify(log) ignored
[2.714s] Level 1:colcon.colcon_core.package_identification:_identify(src) by extensions ['ignore', 'ignore_ament_install']
[2.714s] Level 1:colcon.colcon_core.package_identification:_identify(src) by extension 'ignore'
[2.714s] Level 1:colcon.colcon_core.package_identification:_identify(src) by extension 'ignore_ament_install'
[2.714s] Level 1:colcon.colcon_core.package_identification:_identify(src) by extensions ['colcon_pkg']
[2.714s] Level 1:colcon.colcon_core.package_identification:_identify(src) by extension 'colcon_pkg'
[2.714s] Level 1:colcon.colcon_core.package_identification:_identify(src) by extensions ['colcon_meta']
[2.715s] Level 1:colcon.colcon_core.package_identification:_identify(src) by extension 'colcon_meta'
[2.715s] Level 1:colcon.colcon_core.package_identification:_identify(src) by extensions ['ros']
[2.715s] Level 1:colcon.colcon_core.package_identification:_identify(src) by extension 'ros'
[2.715s] Level 1:colcon.colcon_core.package_identification:_identify(src) by extensions ['cmake', 'python']
[2.715s] Level 1:colcon.colcon_core.package_identification:_identify(src) by extension 'cmake'
[2.715s] Level 1:colcon.colcon_core.package_identification:_identify(src) by extension 'python'
[2.715s] Level 1:colcon.colcon_core.package_identification:_identify(src) by extensions ['python_setup_py']
[2.715s] Level 1:colcon.colcon_core.package_identification:_identify(src) by extension 'python_setup_py'
[2.715s] Level 1:colcon.colcon_core.package_identification:_identify(src/my_bot) by extensions ['ignore', 'ignore_ament_install']
[2.715s] Level 1:colcon.colcon_core.package_identification:_identify(src/my_bot) by extension 'ignore'
[2.715s] Level 1:colcon.colcon_core.package_identification:_identify(src/my_bot) by extension 'ignore_ament_install'
[2.716s] Level 1:colcon.colcon_core.package_identification:_identify(src/my_bot) by extensions ['colcon_pkg']
[2.716s] Level 1:colcon.colcon_core.package_identification:_identify(src/my_bot) by extension 'colcon_pkg'
[2.716s] Level 1:colcon.colcon_core.package_identification:_identify(src/my_bot) by extensions ['colcon_meta']
[2.716s] Level 1:colcon.colcon_core.package_identification:_identify(src/my_bot) by extension 'colcon_meta'
[2.716s] Level 1:colcon.colcon_core.package_identification:_identify(src/my_bot) by extensions ['ros']
[2.716s] Level 1:colcon.colcon_core.package_identification:_identify(src/my_bot) by extension 'ros'
[2.722s] DEBUG:colcon.colcon_core.package_identification:Package 'src/my_bot' with type 'ros.ament_cmake' and name 'my_bot'
[2.722s] Level 1:colcon.colcon_core.package_discovery:discover_packages(recursive) using defaults
[2.722s] Level 1:colcon.colcon_core.package_discovery:discover_packages(ignore) discover
[2.722s] Level 1:colcon.colcon_core.package_discovery:discover_packages(ignore) using defaults
[2.722s] Level 1:colcon.colcon_core.package_discovery:discover_packages(path) discover
[2.723s] Level 1:colcon.colcon_core.package_discovery:discover_packages(path) using defaults
[2.933s] Level 1:colcon.colcon_core.package_discovery:discover_packages(prefix_path) check parameters
[2.933s] Level 1:colcon.colcon_core.package_discovery:discover_packages(prefix_path) discover
[3.009s] DEBUG:colcon.colcon_installed_package_information.package_discovery:Found 1 installed packages in /home/jlipner/dev_ws/install
[3.039s] DEBUG:colcon.colcon_installed_package_information.package_discovery:Found 273 installed packages in /opt/ros/humble
[3.043s] Level 1:colcon.colcon_core.package_discovery:discover_packages(prefix_path) using defaults
[3.260s] Level 5:colcon.colcon_core.verb:set package 'my_bot' build argument 'cmake_args' from command line to 'None'
[3.260s] Level 5:colcon.colcon_core.verb:set package 'my_bot' build argument 'cmake_target' from command line to 'None'
[3.260s] Level 5:colcon.colcon_core.verb:set package 'my_bot' build argument 'cmake_target_skip_unavailable' from command line to 'False'
[3.260s] Level 5:colcon.colcon_core.verb:set package 'my_bot' build argument 'cmake_clean_cache' from command line to 'False'
[3.260s] Level 5:colcon.colcon_core.verb:set package 'my_bot' build argument 'cmake_clean_first' from command line to 'False'
[3.260s] Level 5:colcon.colcon_core.verb:set package 'my_bot' build argument 'cmake_force_configure' from command line to 'False'
[3.261s] Level 5:colcon.colcon_core.verb:set package 'my_bot' build argument 'ament_cmake_args' from command line to 'None'
[3.261s] Level 5:colcon.colcon_core.verb:set package 'my_bot' build argument 'catkin_cmake_args' from command line to 'None'
[3.261s] Level 5:colcon.colcon_core.verb:set package 'my_bot' build argument 'catkin_skip_building_tests' from command line to 'False'
[3.261s] DEBUG:colcon.colcon_core.verb:Building package 'my_bot' with the following arguments: {'ament_cmake_args': None, 'build_base': '/home/jlipner/dev_ws/build/my_bot', 'catkin_cmake_args': None, 'catkin_skip_building_tests': False, 'cmake_args': None, 'cmake_clean_cache': False, 'cmake_clean_first': False, 'cmake_force_configure': False, 'cmake_target': None, 'cmake_target_skip_unavailable': False, 'install_base': '/home/jlipner/dev_ws/install/my_bot', 'merge_install': False, 'path': '/home/jlipner/dev_ws/src/my_bot', 'symlink_install': False, 'test_result_base': None}
[3.286s] INFO:colcon.colcon_core.executor:Executing jobs using 'parallel' executor
[3.318s] DEBUG:colcon.colcon_parallel_executor.executor.parallel:run_until_complete
[3.319s] INFO:colcon.colcon_ros.task.ament_cmake.build:Building ROS package in '/home/jlipner/dev_ws/src/my_bot' with build type 'ament_cmake'
[3.319s] INFO:colcon.colcon_cmake.task.cmake.build:Building CMake package in '/home/jlipner/dev_ws/src/my_bot'
[3.356s] INFO:colcon.colcon_core.plugin_system:Skipping extension 'colcon_core.shell.bat': Not used on non-Windows systems
[3.357s] INFO:colcon.colcon_core.shell:Skip shell extension 'powershell' for command environment: Not usable outside of PowerShell
[3.357s] DEBUG:colcon.colcon_core.shell:Skip shell extension 'dsv' for command environment
[3.454s] DEBUG:colcon.colcon_core.event_handler.log_command:Invoking command in '/home/jlipner/dev_ws/build/my_bot': CMAKE_PREFIX_PATH=${CMAKE_PREFIX_PATH}:/opt/ros/humble /usr/bin/cmake --build /home/jlipner/dev_ws/build/my_bot -- -j8 -l8
[3.534s] DEBUG:colcon.colcon_core.event_handler.log_command:Invoked command in '/home/jlipner/dev_ws/build/my_bot' returned '0': CMAKE_PREFIX_PATH=${CMAKE_PREFIX_PATH}:/opt/ros/humble /usr/bin/cmake --build /home/jlipner/dev_ws/build/my_bot -- -j8 -l8
[3.598s] DEBUG:colcon.colcon_core.event_handler.log_command:Invoking command in '/home/jlipner/dev_ws/build/my_bot': CMAKE_PREFIX_PATH=${CMAKE_PREFIX_PATH}:/opt/ros/humble /usr/bin/cmake --install /home/jlipner/dev_ws/build/my_bot
[3.635s] Level 1:colcon.colcon_core.environment:create_environment_scripts_only(my_bot)
[3.635s] DEBUG:colcon.colcon_core.event_handler.log_command:Invoked command in '/home/jlipner/dev_ws/build/my_bot' returned '0': CMAKE_PREFIX_PATH=${CMAKE_PREFIX_PATH}:/opt/ros/humble /usr/bin/cmake --install /home/jlipner/dev_ws/build/my_bot
[3.667s] Level 1:colcon.colcon_core.environment:checking '/home/jlipner/dev_ws/install/my_bot' for CMake module files
[3.668s] Level 1:colcon.colcon_core.environment:checking '/home/jlipner/dev_ws/install/my_bot' for CMake config files
[3.669s] Level 1:colcon.colcon_core.shell:create_environment_hook('my_bot', 'cmake_prefix_path')
[3.698s] INFO:colcon.colcon_core.shell:Creating environment hook '/home/jlipner/dev_ws/install/my_bot/share/my_bot/hook/cmake_prefix_path.ps1'
[3.699s] INFO:colcon.colcon_core.shell:Creating environment descriptor '/home/jlipner/dev_ws/install/my_bot/share/my_bot/hook/cmake_prefix_path.dsv'
[3.700s] INFO:colcon.colcon_core.shell:Creating environment hook '/home/jlipner/dev_ws/install/my_bot/share/my_bot/hook/cmake_prefix_path.sh'
[3.701s] Level 1:colcon.colcon_core.environment:checking '/home/jlipner/dev_ws/install/my_bot/bin'
[3.701s] Level 1:colcon.colcon_core.environment:checking '/home/jlipner/dev_ws/install/my_bot/lib/pkgconfig/my_bot.pc'
[3.702s] Level 1:colcon.colcon_core.environment:checking '/home/jlipner/dev_ws/install/my_bot/lib/python3.10/site-packages'
[3.702s] Level 1:colcon.colcon_core.environment:checking '/home/jlipner/dev_ws/install/my_bot/bin'
[3.729s] INFO:colcon.colcon_core.shell:Creating package script '/home/jlipner/dev_ws/install/my_bot/share/my_bot/package.ps1'
[3.731s] INFO:colcon.colcon_core.shell:Creating package descriptor '/home/jlipner/dev_ws/install/my_bot/share/my_bot/package.dsv'
[3.732s] INFO:colcon.colcon_core.shell:Creating package script '/home/jlipner/dev_ws/install/my_bot/share/my_bot/package.sh'
[3.734s] INFO:colcon.colcon_core.shell:Creating package script '/home/jlipner/dev_ws/install/my_bot/share/my_bot/package.bash'
[3.735s] INFO:colcon.colcon_core.shell:Creating package script '/home/jlipner/dev_ws/install/my_bot/share/my_bot/package.zsh'
[3.736s] Level 1:colcon.colcon_core.environment:create_file_with_runtime_dependencies(/home/jlipner/dev_ws/install/my_bot/share/colcon-core/packages/my_bot)
[3.807s] Level 1:colcon.colcon_core.environment:create_environment_scripts_only(my_bot)
[3.832s] Level 1:colcon.colcon_core.environment:checking '/home/jlipner/dev_ws/install/my_bot' for CMake module files
[3.834s] Level 1:colcon.colcon_core.environment:checking '/home/jlipner/dev_ws/install/my_bot' for CMake config files
[3.835s] Level 1:colcon.colcon_core.shell:create_environment_hook('my_bot', 'cmake_prefix_path')
[3.866s] INFO:colcon.colcon_core.shell:Creating environment hook '/home/jlipner/dev_ws/install/my_bot/share/my_bot/hook/cmake_prefix_path.ps1'
[3.866s] INFO:colcon.colcon_core.shell:Creating environment descriptor '/home/jlipner/dev_ws/install/my_bot/share/my_bot/hook/cmake_prefix_path.dsv'
[3.867s] INFO:colcon.colcon_core.shell:Creating environment hook '/home/jlipner/dev_ws/install/my_bot/share/my_bot/hook/cmake_prefix_path.sh'
[3.868s] Level 1:colcon.colcon_core.environment:checking '/home/jlipner/dev_ws/install/my_bot/bin'
[3.868s] Level 1:colcon.colcon_core.environment:checking '/home/jlipner/dev_ws/install/my_bot/lib/pkgconfig/my_bot.pc'
[3.869s] Level 1:colcon.colcon_core.environment:checking '/home/jlipner/dev_ws/install/my_bot/lib/python3.10/site-packages'
[3.869s] Level 1:colcon.colcon_core.environment:checking '/home/jlipner/dev_ws/install/my_bot/bin'
[3.899s] INFO:colcon.colcon_core.shell:Creating package script '/home/jlipner/dev_ws/install/my_bot/share/my_bot/package.ps1'
[3.900s] INFO:colcon.colcon_core.shell:Creating package descriptor '/home/jlipner/dev_ws/install/my_bot/share/my_bot/package.dsv'
[3.901s] INFO:colcon.colcon_core.shell:Creating package script '/home/jlipner/dev_ws/install/my_bot/share/my_bot/package.sh'
[3.902s] INFO:colcon.colcon_core.shell:Creating package script '/home/jlipner/dev_ws/install/my_bot/share/my_bot/package.bash'
[3.902s] INFO:colcon.colcon_core.shell:Creating package script '/home/jlipner/dev_ws/install/my_bot/share/my_bot/package.zsh'
[3.903s] Level 1:colcon.colcon_core.environment:create_file_with_runtime_dependencies(/home/jlipner/dev_ws/install/my_bot/share/colcon-core/packages/my_bot)
[3.903s] DEBUG:colcon.colcon_parallel_executor.executor.parallel:closing loop
[3.904s] DEBUG:colcon.colcon_parallel_executor.executor.parallel:loop closed
[3.904s] DEBUG:colcon.colcon_parallel_executor.executor.parallel:run_until_complete finished with '0'
[3.904s] DEBUG:colcon.colcon_core.event_reactor:joining thread
[3.946s] INFO:colcon.colcon_core.plugin_system:Skipping extension 'colcon_notification.desktop_notification.terminal_notifier': Not used on non-Darwin systems
[3.947s] INFO:colcon.colcon_core.plugin_system:Skipping extension 'colcon_notification.desktop_notification.win32': Not used on non-Windows systems
[3.947s] INFO:colcon.colcon_notification.desktop_notification:Sending desktop notification using 'notify2'
[3.984s] DEBUG:colcon.colcon_core.event_reactor:joined thread
[4.016s] INFO:colcon.colcon_core.shell:Creating prefix script '/home/jlipner/dev_ws/install/local_setup.ps1'
[4.018s] INFO:colcon.colcon_core.shell:Creating prefix util module '/home/jlipner/dev_ws/install/_local_setup_util_ps1.py'
[4.020s] INFO:colcon.colcon_core.shell:Creating prefix chain script '/home/jlipner/dev_ws/install/setup.ps1'
[4.053s] INFO:colcon.colcon_core.shell:Creating prefix script '/home/jlipner/dev_ws/install/local_setup.sh'
[4.054s] INFO:colcon.colcon_core.shell:Creating prefix util module '/home/jlipner/dev_ws/install/_local_setup_util_sh.py'
[4.054s] INFO:colcon.colcon_core.shell:Creating prefix chain script '/home/jlipner/dev_ws/install/setup.sh'
[4.087s] INFO:colcon.colcon_core.shell:Creating prefix script '/home/jlipner/dev_ws/install/local_setup.bash'
[4.088s] INFO:colcon.colcon_core.shell:Creating prefix chain script '/home/jlipner/dev_ws/install/setup.bash'
[4.121s] INFO:colcon.colcon_core.shell:Creating prefix script '/home/jlipner/dev_ws/install/local_setup.zsh'
[4.123s] INFO:colcon.colcon_core.shell:Creating prefix chain script '/home/jlipner/dev_ws/install/setup.zsh'
