[0.168s] Invoking command in '/home/jlipner/dev_ws/build/my_bot': CMAKE_PREFIX_PATH=${CMAKE_PREFIX_PATH}:/opt/ros/humble /usr/bin/cmake /home/jlipner/dev_ws/src/my_bot -DAMENT_CMAKE_SYMLINK_INSTALL=1 -DCMAKE_INSTALL_PREFIX=/home/jlipner/dev_ws/install/my_bot
[0.189s] -- Found ament_cmake: 1.3.7 (/opt/ros/humble/share/ament_cmake/cmake)
[0.442s] -- Override CMake install command with custom implementation using symlinks instead of copying resources
[0.463s] -- Found ament_lint_auto: 0.12.10 (/opt/ros/humble/share/ament_lint_auto/cmake)
[0.595s] -- Added test 'copyright' to check source files copyright and LICENSE
[0.610s] -- Added test 'flake8' to check Python code syntax and style conventions
[0.612s] -- Added test 'lint_cmake' to check CMake code style
[0.614s] -- Added test 'pep257' to check Python code against some of the docstring style conventions in PEP 257
[0.621s] -- Added test 'xmllint' to check XML markup files
[0.623s] -- Configuring done
[0.629s] -- Generating done
[0.632s] -- Build files have been written to: /home/jlipner/dev_ws/build/my_bot
[0.637s] Invoked command in '/home/jlipner/dev_ws/build/my_bot' returned '0': CMAKE_PREFIX_PATH=${CMAKE_PREFIX_PATH}:/opt/ros/humble /usr/bin/cmake /home/jlipner/dev_ws/src/my_bot -DAMENT_CMAKE_SYMLINK_INSTALL=1 -DCMAKE_INSTALL_PREFIX=/home/jlipner/dev_ws/install/my_bot
[0.645s] Invoking command in '/home/jlipner/dev_ws/build/my_bot': CMAKE_PREFIX_PATH=${CMAKE_PREFIX_PATH}:/opt/ros/humble /usr/bin/cmake --build /home/jlipner/dev_ws/build/my_bot -- -j8 -l8
[0.714s] Invoked command in '/home/jlipner/dev_ws/build/my_bot' returned '0': CMAKE_PREFIX_PATH=${CMAKE_PREFIX_PATH}:/opt/ros/humble /usr/bin/cmake --build /home/jlipner/dev_ws/build/my_bot -- -j8 -l8
[0.775s] Invoking command in '/home/jlipner/dev_ws/build/my_bot': CMAKE_PREFIX_PATH=${CMAKE_PREFIX_PATH}:/opt/ros/humble /usr/bin/cmake --install /home/jlipner/dev_ws/build/my_bot
[0.788s] -- Install configuration: ""
[0.789s] -- Execute custom install script
[0.789s] -- Symlinking: /home/jlipner/dev_ws/install/my_bot/share/my_bot/config/empty.yaml
[0.806s] -- Symlinking: /home/jlipner/dev_ws/install/my_bot/share/my_bot/description/robot.core.xacro
[0.824s] -- Symlinking: /home/jlipner/dev_ws/install/my_bot/share/my_bot/description/robot.urdf.xacro
[0.842s] -- Symlinking: /home/jlipner/dev_ws/install/my_bot/share/my_bot/launch/rsp.launch.py
[0.860s] -- Symlinking: /home/jlipner/dev_ws/install/my_bot/share/my_bot/worlds/empty.world
[0.878s] -- Symlinking: /home/jlipner/dev_ws/install/my_bot/share/ament_index/resource_index/package_run_dependencies/my_bot
[0.897s] -- Symlinking: /home/jlipner/dev_ws/install/my_bot/share/ament_index/resource_index/parent_prefix_path/my_bot
[0.914s] -- Symlinking: /home/jlipner/dev_ws/install/my_bot/share/my_bot/environment/ament_prefix_path.sh
[0.931s] -- Symlinking: /home/jlipner/dev_ws/install/my_bot/share/my_bot/environment/ament_prefix_path.dsv
[0.947s] -- Symlinking: /home/jlipner/dev_ws/install/my_bot/share/my_bot/environment/path.sh
[0.966s] -- Symlinking: /home/jlipner/dev_ws/install/my_bot/share/my_bot/environment/path.dsv
[0.983s] -- Symlinking: /home/jlipner/dev_ws/install/my_bot/share/my_bot/local_setup.bash
[1.001s] -- Symlinking: /home/jlipner/dev_ws/install/my_bot/share/my_bot/local_setup.sh
[1.017s] -- Symlinking: /home/jlipner/dev_ws/install/my_bot/share/my_bot/local_setup.zsh
[1.034s] -- Symlinking: /home/jlipner/dev_ws/install/my_bot/share/my_bot/local_setup.dsv
[1.050s] -- Symlinking: /home/jlipner/dev_ws/install/my_bot/share/my_bot/package.dsv
[1.071s] -- Symlinking: /home/jlipner/dev_ws/install/my_bot/share/ament_index/resource_index/packages/my_bot
[1.089s] -- Symlinking: /home/jlipner/dev_ws/install/my_bot/share/my_bot/cmake/my_botConfig.cmake
[1.105s] -- Symlinking: /home/jlipner/dev_ws/install/my_bot/share/my_bot/cmake/my_botConfig-version.cmake
[1.127s] -- Symlinking: /home/jlipner/dev_ws/install/my_bot/share/my_bot/package.xml
[1.147s] Invoked command in '/home/jlipner/dev_ws/build/my_bot' returned '0': CMAKE_PREFIX_PATH=${CMAKE_PREFIX_PATH}:/opt/ros/humble /usr/bin/cmake --install /home/jlipner/dev_ws/build/my_bot
