[0.089s] Invoking command in '/home/jlipner/dev_ws/build/my_bot': /usr/bin/cmake --build /home/jlipner/dev_ws/build/my_bot -- -j8 -l8
[0.161s] Invoked command in '/home/jlipner/dev_ws/build/my_bot' returned '0': /usr/bin/cmake --build /home/jlipner/dev_ws/build/my_bot -- -j8 -l8
[0.220s] Invoking command in '/home/jlipner/dev_ws/build/my_bot': /usr/bin/cmake --install /home/jlipner/dev_ws/build/my_bot
[0.232s] -- Install configuration: ""
[0.233s] -- Execute custom install script
[0.233s] -- Up-to-date symlink: /home/jlipner/dev_ws/install/my_bot/share/my_bot/config/empty.yaml
[0.234s] -- Up-to-date symlink: /home/jlipner/dev_ws/install/my_bot/share/my_bot/description/robot.urdf.xacro
[0.234s] -- Up-to-date symlink: /home/jlipner/dev_ws/install/my_bot/share/my_bot/description/robot_core.xacro
[0.235s] -- Up-to-date symlink: /home/jlipner/dev_ws/install/my_bot/share/my_bot/launch/rsp.launch.py
[0.235s] -- Up-to-date symlink: /home/jlipner/dev_ws/install/my_bot/share/my_bot/worlds/empty.world
[0.235s] -- Up-to-date symlink: /home/jlipner/dev_ws/install/my_bot/share/ament_index/resource_index/package_run_dependencies/my_bot
[0.236s] -- Up-to-date symlink: /home/jlipner/dev_ws/install/my_bot/share/ament_index/resource_index/parent_prefix_path/my_bot
[0.236s] -- Up-to-date symlink: /home/jlipner/dev_ws/install/my_bot/share/my_bot/environment/ament_prefix_path.sh
[0.236s] -- Up-to-date symlink: /home/jlipner/dev_ws/install/my_bot/share/my_bot/environment/ament_prefix_path.dsv
[0.237s] -- Up-to-date symlink: /home/jlipner/dev_ws/install/my_bot/share/my_bot/environment/path.sh
[0.237s] -- Up-to-date symlink: /home/jlipner/dev_ws/install/my_bot/share/my_bot/environment/path.dsv
[0.238s] -- Up-to-date symlink: /home/jlipner/dev_ws/install/my_bot/share/my_bot/local_setup.bash
[0.238s] -- Up-to-date symlink: /home/jlipner/dev_ws/install/my_bot/share/my_bot/local_setup.sh
[0.238s] -- Up-to-date symlink: /home/jlipner/dev_ws/install/my_bot/share/my_bot/local_setup.zsh
[0.239s] -- Up-to-date symlink: /home/jlipner/dev_ws/install/my_bot/share/my_bot/local_setup.dsv
[0.239s] -- Symlinking: /home/jlipner/dev_ws/install/my_bot/share/my_bot/package.dsv
[0.257s] -- Up-to-date symlink: /home/jlipner/dev_ws/install/my_bot/share/ament_index/resource_index/packages/my_bot
[0.257s] -- Up-to-date symlink: /home/jlipner/dev_ws/install/my_bot/share/my_bot/cmake/my_botConfig.cmake
[0.258s] -- Up-to-date symlink: /home/jlipner/dev_ws/install/my_bot/share/my_bot/cmake/my_botConfig-version.cmake
[0.258s] -- Up-to-date symlink: /home/jlipner/dev_ws/install/my_bot/share/my_bot/package.xml
[0.262s] Invoked command in '/home/jlipner/dev_ws/build/my_bot' returned '0': /usr/bin/cmake --install /home/jlipner/dev_ws/build/my_bot
